TN:
SF:controllers\authController.js
FN:12,(anonymous_0)
FN:64,(anonymous_1)
FN:79,(anonymous_2)
FN:125,(anonymous_3)
FN:140,(anonymous_4)
FN:164,(anonymous_5)
FN:180,(anonymous_6)
FN:235,(anonymous_7)
FN:294,(anonymous_8)
FN:333,(anonymous_9)
FN:354,(anonymous_10)
FN:403,(anonymous_11)
FN:451,(anonymous_12)
FN:466,(anonymous_13)
FN:518,(anonymous_14)
FNF:15
FNH:14
FNDA:9,(anonymous_0)
FNDA:0,(anonymous_1)
FNDA:6,(anonymous_2)
FNDA:2,(anonymous_3)
FNDA:2,(anonymous_4)
FNDA:7,(anonymous_5)
FNDA:3,(anonymous_6)
FNDA:4,(anonymous_7)
FNDA:3,(anonymous_8)
FNDA:5,(anonymous_9)
FNDA:1,(anonymous_10)
FNDA:3,(anonymous_11)
FNDA:7,(anonymous_12)
FNDA:1,(anonymous_13)
FNDA:4,(anonymous_14)
DA:1,1
DA:2,1
DA:3,1
DA:4,1
DA:5,1
DA:6,1
DA:7,1
DA:12,1
DA:13,9
DA:14,9
DA:15,9
DA:18,9
DA:19,9
DA:22,9
DA:23,7
DA:24,6
DA:25,5
DA:28,4
DA:29,4
DA:30,1
DA:31,1
DA:38,3
DA:39,3
DA:44,1
DA:46,1
DA:48,2
DA:51,2
DA:52,1
DA:53,1
DA:54,1
DA:56,1
DA:63,1
DA:64,0
DA:65,0
DA:69,1
DA:79,1
DA:80,6
DA:81,6
DA:84,6
DA:85,1
DA:88,5
DA:91,5
DA:93,5
DA:94,1
DA:98,4
DA:100,4
DA:101,1
DA:105,3
DA:106,2
DA:107,2
DA:113,1
DA:118,3
DA:120,0
DA:125,1
DA:126,2
DA:127,2
DA:128,1
DA:133,1
DA:140,1
DA:141,2
DA:142,2
DA:147,2
DA:152,1
DA:157,1
DA:164,1
DA:165,7
DA:166,7
DA:169,7
DA:170,1
DA:173,6
DA:174,1
DA:178,5
DA:179,5
DA:180,3
DA:181,1
DA:187,4
DA:188,1
DA:192,3
DA:194,3
DA:195,1
DA:199,2
DA:201,2
DA:202,1
DA:206,1
DA:207,1
DA:210,1
DA:211,1
DA:212,1
DA:218,1
DA:223,1
DA:228,0
DA:235,1
DA:236,4
DA:237,4
DA:239,4
DA:240,1
DA:244,3
DA:246,3
DA:248,1
DA:255,2
DA:258,2
DA:259,2
DA:260,2
DA:263,2
DA:264,2
DA:270,1
DA:276,1
DA:277,1
DA:278,1
DA:280,1
DA:281,1
DA:287,0
DA:294,1
DA:295,3
DA:296,3
DA:298,3
DA:299,1
DA:303,2
DA:309,2
DA:310,1
DA:314,1
DA:315,1
DA:316,1
DA:317,1
DA:318,1
DA:320,1
DA:326,0
DA:333,1
DA:334,5
DA:335,5
DA:337,5
DA:338,1
DA:344,4
DA:345,1
DA:352,3
DA:353,3
DA:354,1
DA:355,1
DA:362,2
DA:366,2
DA:367,1
DA:374,1
DA:375,1
DA:376,1
DA:379,1
DA:380,1
DA:381,1
DA:387,1
DA:391,1
DA:396,0
DA:403,1
DA:404,3
DA:405,3
DA:407,3
DA:408,1
DA:412,2
DA:415,2
DA:416,2
DA:417,2
DA:420,2
DA:421,2
DA:427,1
DA:433,1
DA:434,1
DA:435,1
DA:437,1
DA:438,1
DA:444,0
DA:451,1
DA:452,7
DA:453,7
DA:455,7
DA:456,1
DA:459,6
DA:460,1
DA:464,5
DA:465,5
DA:466,1
DA:467,1
DA:474,4
DA:476,4
DA:477,1
DA:481,3
DA:482,1
DA:486,2
DA:487,2
DA:488,1
DA:492,1
DA:493,1
DA:494,1
DA:495,1
DA:498,1
DA:499,1
DA:505,1
DA:508,1
DA:513,0
DA:518,1
DA:520,4
DA:522,4
DA:523,0
DA:526,4
DA:530,4
DA:535,4
DA:536,0
DA:539,4
LF:205
LH:194
BRDA:18,0,0,8
BRDA:18,0,1,1
BRDA:19,1,0,7
BRDA:19,1,1,2
BRDA:22,2,0,2
BRDA:22,2,1,7
BRDA:23,3,0,1
BRDA:23,3,1,6
BRDA:24,4,0,1
BRDA:24,4,1,5
BRDA:25,5,0,1
BRDA:25,5,1,4
BRDA:29,6,0,1
BRDA:29,6,1,3
BRDA:51,7,0,1
BRDA:51,7,1,1
BRDA:53,8,0,1
BRDA:53,8,1,0
BRDA:54,9,0,1
BRDA:54,9,1,0
BRDA:63,10,0,0
BRDA:63,10,1,1
BRDA:84,11,0,1
BRDA:84,11,1,5
BRDA:84,12,0,6
BRDA:84,12,1,5
BRDA:93,13,0,1
BRDA:93,13,1,4
BRDA:100,14,0,1
BRDA:100,14,1,3
BRDA:105,15,0,2
BRDA:105,15,1,1
BRDA:169,16,0,1
BRDA:169,16,1,6
BRDA:169,17,0,7
BRDA:169,17,1,6
BRDA:169,17,2,6
BRDA:173,18,0,1
BRDA:173,18,1,5
BRDA:179,19,0,1
BRDA:179,19,1,4
BRDA:187,20,0,1
BRDA:187,20,1,3
BRDA:194,21,0,1
BRDA:194,21,1,2
BRDA:201,22,0,1
BRDA:201,22,1,1
BRDA:210,23,0,1
BRDA:210,23,1,0
BRDA:239,24,0,1
BRDA:239,24,1,3
BRDA:246,25,0,1
BRDA:246,25,1,2
BRDA:298,26,0,1
BRDA:298,26,1,2
BRDA:298,27,0,3
BRDA:298,27,1,2
BRDA:309,28,0,1
BRDA:309,28,1,1
BRDA:337,29,0,1
BRDA:337,29,1,4
BRDA:337,30,0,5
BRDA:337,30,1,4
BRDA:337,30,2,4
BRDA:344,31,0,1
BRDA:344,31,1,3
BRDA:353,32,0,1
BRDA:353,32,1,2
BRDA:366,33,0,1
BRDA:366,33,1,1
BRDA:379,34,0,1
BRDA:379,34,1,0
BRDA:407,35,0,1
BRDA:407,35,1,2
BRDA:455,36,0,1
BRDA:455,36,1,6
BRDA:455,37,0,7
BRDA:455,37,1,6
BRDA:455,37,2,6
BRDA:459,38,0,1
BRDA:459,38,1,5
BRDA:465,39,0,1
BRDA:465,39,1,4
BRDA:476,40,0,1
BRDA:476,40,1,3
BRDA:481,41,0,1
BRDA:481,41,1,2
BRDA:481,42,0,3
BRDA:481,42,1,2
BRDA:481,42,2,2
BRDA:487,43,0,1
BRDA:487,43,1,1
BRDA:520,44,0,4
BRDA:520,44,1,0
BRDA:522,45,0,0
BRDA:522,45,1,4
BRDA:527,46,0,4
BRDA:527,46,1,0
BRDA:535,47,0,0
BRDA:535,47,1,4
BRF:100
BRH:91
end_of_record
TN:
SF:controllers\chatbotController.js
FN:25,(anonymous_0)
FN:54,(anonymous_1)
FN:65,(anonymous_2)
FN:81,(anonymous_3)
FN:120,(anonymous_4)
FN:132,(anonymous_5)
FN:173,(anonymous_6)
FN:223,(anonymous_7)
FN:260,(anonymous_8)
FN:269,(anonymous_9)
FN:270,(anonymous_10)
FN:292,(anonymous_11)
FN:294,(anonymous_12)
FN:300,(anonymous_13)
FN:303,(anonymous_14)
FN:342,(anonymous_15)
FN:343,(anonymous_16)
FN:345,(anonymous_17)
FN:348,(anonymous_18)
FN:366,(anonymous_19)
FN:367,(anonymous_20)
FN:371,(anonymous_21)
FN:380,(anonymous_22)
FN:383,(anonymous_23)
FN:385,(anonymous_24)
FN:408,(anonymous_25)
FN:411,(anonymous_26)
FN:444,(anonymous_27)
FN:467,(anonymous_28)
FNF:29
FNH:17
FNDA:3,(anonymous_0)
FNDA:7,(anonymous_1)
FNDA:1,(anonymous_2)
FNDA:3,(anonymous_3)
FNDA:2,(anonymous_4)
FNDA:1,(anonymous_5)
FNDA:0,(anonymous_6)
FNDA:1,(anonymous_7)
FNDA:4,(anonymous_8)
FNDA:0,(anonymous_9)
FNDA:0,(anonymous_10)
FNDA:3,(anonymous_11)
FNDA:1,(anonymous_12)
FNDA:1,(anonymous_13)
FNDA:0,(anonymous_14)
FNDA:0,(anonymous_15)
FNDA:0,(anonymous_16)
FNDA:1,(anonymous_17)
FNDA:7,(anonymous_18)
FNDA:1,(anonymous_19)
FNDA:5,(anonymous_20)
FNDA:0,(anonymous_21)
FNDA:1,(anonymous_22)
FNDA:0,(anonymous_23)
FNDA:0,(anonymous_24)
FNDA:0,(anonymous_25)
FNDA:5,(anonymous_26)
FNDA:0,(anonymous_27)
FNDA:0,(anonymous_28)
DA:1,1
DA:2,1
DA:3,1
DA:4,1
DA:5,1
DA:6,1
DA:7,1
DA:10,1
DA:17,1
DA:25,1
DA:26,3
DA:27,3
DA:28,3
DA:30,3
DA:37,0
DA:38,0
DA:42,1
DA:44,1
DA:54,1
DA:55,7
DA:56,7
DA:57,2
DA:59,5
DA:61,0
DA:65,1
DA:66,1
DA:68,1
DA:69,1
DA:70,1
DA:73,0
DA:74,0
DA:75,0
DA:78,0
DA:81,1
DA:82,3
DA:83,3
DA:84,0
DA:85,0
DA:88,3
DA:105,3
DA:106,3
DA:107,0
DA:109,3
DA:111,0
DA:116,0
DA:120,1
DA:121,2
DA:123,2
DA:124,2
DA:126,0
DA:127,0
DA:129,0
DA:132,1
DA:133,1
DA:134,1
DA:135,1
DA:137,1
DA:149,1
DA:150,1
DA:151,1
DA:157,1
DA:159,0
DA:162,1
DA:173,1
DA:174,0
DA:175,0
DA:177,0
DA:188,0
DA:190,0
DA:191,0
DA:208,0
DA:210,0
DA:213,0
DA:223,1
DA:224,1
DA:229,1
DA:235,1
DA:237,1
DA:239,1
DA:240,0
DA:250,1
DA:260,1
DA:261,4
DA:262,4
DA:269,1
DA:270,0
DA:272,0
DA:292,3
DA:294,1
DA:295,1
DA:296,1
DA:297,1
DA:300,1
DA:301,1
DA:303,0
DA:306,1
DA:332,1
DA:339,1
DA:342,1
DA:343,1
DA:345,1
DA:346,1
DA:348,1
DA:349,7
DA:350,7
DA:351,7
DA:355,1
DA:356,0
DA:359,1
DA:360,0
DA:363,1
DA:366,1
DA:367,5
DA:368,1
DA:371,1
DA:372,0
DA:380,1
DA:381,1
DA:382,1
DA:383,0
DA:385,0
DA:388,1
DA:389,0
DA:401,1
DA:408,0
DA:411,1
DA:412,5
DA:413,5
DA:414,5
DA:415,5
DA:416,5
DA:418,5
DA:419,1
DA:422,4
DA:423,1
DA:427,3
DA:428,3
DA:429,0
DA:430,0
DA:432,3
DA:433,0
DA:434,0
DA:436,3
DA:439,3
DA:442,3
DA:444,3
DA:445,0
DA:448,3
DA:449,1
DA:451,1
DA:452,1
DA:458,0
DA:461,1
DA:462,1
DA:464,1
DA:465,1
DA:467,0
DA:476,0
DA:477,0
DA:478,0
DA:480,0
DA:485,0
DA:496,2
DA:497,1
DA:499,1
DA:500,1
DA:501,0
DA:502,0
DA:504,0
DA:507,1
DA:508,1
DA:515,1
DA:529,1
DA:535,1
DA:539,1
DA:549,1
DA:550,0
DA:553,1
DA:560,0
DA:561,0
DA:563,0
DA:565,0
DA:566,0
DA:567,0
DA:568,0
DA:569,0
DA:570,0
DA:571,0
DA:574,0
LF:189
LH:126
BRDA:28,0,0,0
BRDA:28,0,1,3
BRDA:31,1,0,3
BRDA:31,1,1,0
BRDA:32,2,0,3
BRDA:32,2,1,0
BRDA:33,3,0,3
BRDA:33,3,1,0
BRDA:34,4,0,3
BRDA:34,4,1,0
BRDA:56,5,0,2
BRDA:56,5,1,5
BRDA:59,6,0,5
BRDA:59,6,1,2
BRDA:65,7,0,0
BRDA:69,8,0,1
BRDA:69,8,1,0
BRDA:74,9,0,0
BRDA:74,9,1,0
BRDA:83,10,0,0
BRDA:83,10,1,3
BRDA:106,11,0,0
BRDA:106,11,1,3
BRDA:121,12,0,0
BRDA:121,12,1,2
BRDA:124,13,0,2
BRDA:124,13,1,0
BRDA:127,14,0,0
BRDA:127,14,1,0
BRDA:134,15,0,1
BRDA:134,15,1,0
BRDA:147,16,0,1
BRDA:147,16,1,0
BRDA:165,17,0,1
BRDA:165,17,1,0
BRDA:165,17,2,0
BRDA:166,18,0,1
BRDA:166,18,1,0
BRDA:167,19,0,1
BRDA:167,19,1,0
BRDA:168,20,0,1
BRDA:168,20,1,0
BRDA:169,21,0,1
BRDA:169,21,1,0
BRDA:169,22,0,0
BRDA:169,22,1,0
BRDA:175,23,0,0
BRDA:175,23,1,0
BRDA:215,24,0,0
BRDA:215,24,1,0
BRDA:216,25,0,0
BRDA:216,25,1,0
BRDA:217,26,0,0
BRDA:217,26,1,0
BRDA:218,27,0,0
BRDA:218,27,1,0
BRDA:219,28,0,0
BRDA:219,28,1,0
BRDA:223,29,0,1
BRDA:224,30,0,1
BRDA:224,30,1,0
BRDA:235,31,0,1
BRDA:235,31,1,1
BRDA:237,32,0,1
BRDA:237,32,1,0
BRDA:239,33,0,0
BRDA:239,33,1,1
BRDA:261,34,0,0
BRDA:261,34,1,4
BRDA:261,35,0,4
BRDA:261,35,1,4
BRDA:270,36,0,0
BRDA:270,36,1,0
BRDA:292,37,0,0
BRDA:296,38,0,0
BRDA:296,38,1,1
BRDA:296,39,0,1
BRDA:296,39,1,1
BRDA:301,40,0,1
BRDA:301,40,1,0
BRDA:327,41,0,1
BRDA:327,41,1,1
BRDA:342,42,0,0
BRDA:343,43,0,0
BRDA:350,44,0,7
BRDA:350,44,1,0
BRDA:350,45,0,7
BRDA:350,45,1,0
BRDA:355,46,0,0
BRDA:355,46,1,1
BRDA:355,47,0,1
BRDA:355,47,1,0
BRDA:359,48,0,0
BRDA:359,48,1,1
BRDA:359,49,0,1
BRDA:359,49,1,0
BRDA:371,50,0,0
BRDA:376,51,0,0
BRDA:376,51,1,0
BRDA:385,52,0,0
BRDA:385,52,1,0
BRDA:388,53,0,0
BRDA:388,53,1,1
BRDA:408,54,0,0
BRDA:408,54,1,1
BRDA:408,55,0,0
BRDA:408,55,1,1
BRDA:408,56,0,1
BRDA:408,56,1,0
BRDA:413,57,0,1
BRDA:416,58,0,5
BRDA:416,58,1,0
BRDA:418,59,0,1
BRDA:418,59,1,4
BRDA:418,60,0,5
BRDA:418,60,1,1
BRDA:422,61,0,1
BRDA:422,61,1,3
BRDA:428,62,0,0
BRDA:428,62,1,3
BRDA:432,63,0,0
BRDA:432,63,1,3
BRDA:444,64,0,3
BRDA:444,64,1,2
BRDA:445,65,0,0
BRDA:445,65,1,0
BRDA:445,66,0,0
BRDA:445,66,1,0
BRDA:448,67,0,1
BRDA:448,67,1,2
BRDA:448,68,0,3
BRDA:448,68,1,1
BRDA:461,69,0,1
BRDA:461,69,1,0
BRDA:464,70,0,1
BRDA:464,70,1,0
BRDA:464,71,0,1
BRDA:464,71,1,0
BRDA:467,72,0,1
BRDA:467,72,1,0
BRDA:496,73,0,1
BRDA:496,73,1,1
BRDA:499,74,0,1
BRDA:499,74,1,0
BRDA:501,75,0,0
BRDA:501,75,1,0
BRDA:535,76,0,0
BRDA:535,76,1,1
BRDA:549,77,0,0
BRDA:549,77,1,1
BRDA:565,78,0,0
BRDA:565,78,1,0
BRDA:567,79,0,0
BRDA:567,79,1,0
BRDA:570,80,0,0
BRDA:570,80,1,0
BRDA:574,81,0,0
BRDA:574,81,1,0
BRF:158
BRH:71
end_of_record
TN:
SF:controllers\projectController.js
FN:3,(anonymous_0)
FN:17,(anonymous_1)
FN:29,(anonymous_2)
FN:43,(anonymous_3)
FN:71,(anonymous_4)
FN:94,(anonymous_5)
FN:104,(anonymous_6)
FN:114,(anonymous_7)
FN:138,(anonymous_8)
FN:148,(anonymous_9)
FNF:10
FNH:9
FNDA:7,(anonymous_0)
FNDA:7,(anonymous_1)
FNDA:3,(anonymous_2)
FNDA:3,(anonymous_3)
FNDA:0,(anonymous_4)
FNDA:3,(anonymous_5)
FNDA:2,(anonymous_6)
FNDA:4,(anonymous_7)
FNDA:1,(anonymous_8)
FNDA:3,(anonymous_9)
DA:1,1
DA:3,7
DA:17,1
DA:18,7
DA:19,7
DA:29,1
DA:30,3
DA:31,0
DA:34,3
DA:35,0
DA:38,3
DA:43,1
DA:44,3
DA:45,3
DA:46,3
DA:51,3
DA:52,1
DA:55,3
DA:56,2
DA:58,2
DA:64,1
DA:71,1
DA:72,0
DA:73,0
DA:75,0
DA:76,0
DA:82,0
DA:87,0
DA:94,1
DA:95,3
DA:96,3
DA:98,1
DA:103,2
DA:104,2
DA:105,1
DA:107,1
DA:114,1
DA:115,4
DA:116,4
DA:125,2
DA:126,0
DA:132,2
DA:137,2
DA:138,1
DA:139,1
DA:141,1
DA:148,1
DA:149,3
DA:150,3
DA:152,3
DA:153,1
DA:159,2
DA:161,1
DA:166,1
LF:54
LH:45
BRDA:3,0,0,0
BRDA:7,1,0,7
BRDA:7,1,1,7
BRDA:7,1,2,7
BRDA:8,2,0,0
BRDA:8,2,1,7
BRDA:10,3,0,0
BRDA:10,3,1,7
BRDA:13,4,0,7
BRDA:13,4,1,7
BRDA:13,5,0,7
BRDA:13,5,1,7
BRDA:14,6,0,0
BRDA:14,6,1,7
BRDA:18,7,0,0
BRDA:18,7,1,7
BRDA:21,8,0,7
BRDA:21,8,1,7
BRDA:21,8,2,7
BRDA:22,9,0,0
BRDA:22,9,1,7
BRDA:22,10,0,7
BRDA:22,10,1,7
BRDA:23,11,0,7
BRDA:23,11,1,7
BRDA:23,11,2,7
BRDA:24,12,0,7
BRDA:24,12,1,7
BRDA:24,12,2,7
BRDA:25,13,0,0
BRDA:25,13,1,7
BRDA:25,14,0,7
BRDA:25,14,1,7
BRDA:30,15,0,0
BRDA:30,15,1,3
BRDA:34,16,0,0
BRDA:34,16,1,3
BRDA:34,17,0,3
BRDA:34,17,1,3
BRDA:51,18,0,1
BRDA:51,18,1,2
BRDA:75,19,0,0
BRDA:75,19,1,0
BRDA:103,20,0,1
BRDA:103,20,1,1
BRDA:125,21,0,0
BRDA:125,21,1,2
BRDA:137,22,0,1
BRDA:137,22,1,1
BRDA:152,23,0,1
BRDA:152,23,1,2
BRF:51
BRH:39
end_of_record
TN:
SF:middleware\authMiddleware.js
FN:5,(anonymous_0)
FN:36,(anonymous_1)
FN:37,(anonymous_2)
FNF:3
FNH:3
FNDA:2,(anonymous_0)
FNDA:2,(anonymous_1)
FNDA:2,(anonymous_2)
DA:1,1
DA:2,1
DA:5,1
DA:8,2
DA:13,1
DA:17,2
DA:18,1
DA:21,1
DA:23,1
DA:25,1
DA:27,1
DA:29,1
DA:31,0
DA:36,1
DA:37,2
DA:38,2
DA:39,1
DA:44,1
LF:18
LH:17
BRDA:8,0,0,1
BRDA:8,0,1,1
BRDA:9,1,0,2
BRDA:9,1,1,1
BRDA:17,2,0,1
BRDA:17,2,1,1
BRDA:38,3,0,1
BRDA:38,3,1,1
BRF:8
BRH:8
end_of_record
TN:
SF:middleware\errorHandler.js
FN:1,(anonymous_0)
FNF:1
FNH:1
FNDA:2,(anonymous_0)
DA:1,1
DA:2,2
DA:3,2
DA:9,1
LF:4
LH:4
BRDA:3,0,0,2
BRDA:3,0,1,1
BRDA:5,1,0,2
BRDA:5,1,1,1
BRF:4
BRH:4
end_of_record
TN:
SF:models\Category.js
FNF:0
FNH:0
DA:1,1
DA:3,1
DA:35,1
LF:3
LH:3
BRF:0
BRH:0
end_of_record
TN:
SF:models\Contact.js
FN:28,(anonymous_0)
FNF:1
FNH:1
FNDA:1,(anonymous_0)
DA:1,1
DA:2,1
DA:4,1
DA:29,1
DA:50,1
LF:5
LH:5
BRF:0
BRH:0
end_of_record
TN:
SF:models\Design.js
FNF:0
FNH:0
DA:1,1
DA:3,1
DA:29,1
LF:3
LH:3
BRF:0
BRH:0
end_of_record
TN:
SF:models\Estimator.js
FN:43,(anonymous_0)
FN:252,(anonymous_1)
FN:261,(anonymous_2)
FNF:3
FNH:2
FNDA:0,(anonymous_0)
FNDA:2,(anonymous_1)
FNDA:1,(anonymous_2)
DA:1,1
DA:3,1
DA:23,1
DA:43,0
DA:53,1
DA:155,1
DA:205,1
DA:232,1
DA:252,2
DA:261,1
DA:276,1
LF:11
LH:10
BRF:0
BRH:0
end_of_record
TN:
SF:models\Expertise.js
FNF:0
FNH:0
DA:1,1
DA:3,1
DA:30,1
LF:3
LH:3
BRF:0
BRH:0
end_of_record
TN:
SF:models\Project.js
FNF:0
FNH:0
DA:1,1
DA:3,1
DA:42,1
DA:44,1
LF:4
LH:4
BRF:0
BRH:0
end_of_record
TN:
SF:models\Service.js
FNF:0
FNH:0
DA:1,1
DA:3,1
DA:30,1
LF:3
LH:3
BRF:0
BRH:0
end_of_record
TN:
SF:models\TeamMember.js
FNF:0
FNH:0
DA:1,1
DA:3,1
DA:51,1
DA:53,1
LF:4
LH:4
BRF:0
BRH:0
end_of_record
TN:
SF:models\Testimonial.js
FN:23,(anonymous_0)
FNF:1
FNH:1
FNDA:3,(anonymous_0)
DA:1,1
DA:3,1
DA:25,3
DA:27,0
DA:53,1
LF:5
LH:4
BRDA:25,0,0,3
BRDA:25,0,1,0
BRDA:25,1,0,3
BRDA:25,1,1,0
BRF:4
BRH:2
end_of_record
TN:
SF:models\User.js
FN:64,(anonymous_0)
FN:75,(anonymous_1)
FNF:2
FNH:1
FNDA:0,(anonymous_0)
FNDA:3,(anonymous_1)
DA:1,1
DA:2,1
DA:4,1
DA:64,1
DA:65,0
DA:66,0
DA:69,0
DA:70,0
DA:71,0
DA:75,1
DA:76,3
DA:79,1
LF:12
LH:7
BRDA:65,0,0,0
BRDA:65,0,1,0
BRF:2
BRH:0
end_of_record
TN:
SF:routes\auth.js
FN:23,(anonymous_0)
FNF:1
FNH:1
FNDA:4,(anonymous_0)
DA:1,1
DA:2,1
DA:3,1
DA:4,1
DA:5,1
DA:6,1
DA:8,1
DA:10,1
DA:11,1
DA:12,1
DA:13,1
DA:14,1
DA:15,1
DA:16,1
DA:17,1
DA:18,1
DA:19,1
DA:20,1
DA:23,1
DA:24,4
DA:25,4
DA:26,4
DA:28,4
DA:36,4
DA:42,3
DA:43,3
DA:53,1
DA:54,1
DA:62,1
LF:29
LH:29
BRDA:25,0,0,4
BRDA:25,0,1,3
BRF:2
BRH:2
end_of_record
TN:
SF:routes\chatbot.js
FN:11,(anonymous_0)
FN:24,(anonymous_1)
FN:25,(anonymous_2)
FNF:3
FNH:3
FNDA:1,(anonymous_0)
FNDA:2,(anonymous_1)
FNDA:2,(anonymous_2)
DA:1,1
DA:2,1
DA:3,1
DA:4,1
DA:6,1
DA:12,1
DA:13,1
DA:15,1
DA:16,0
DA:17,0
DA:20,1
DA:24,1
DA:25,2
DA:26,2
DA:27,1
DA:28,1
DA:31,1
DA:32,0
DA:33,0
DA:36,0
DA:39,1
DA:44,1
DA:46,1
LF:23
LH:18
BRDA:15,0,0,0
BRDA:15,0,1,1
BRDA:15,1,0,1
BRDA:15,1,1,1
BRDA:26,2,0,1
BRDA:26,2,1,1
BRDA:31,3,0,0
BRDA:31,3,1,1
BRDA:32,4,0,0
BRDA:32,4,1,0
BRDA:36,5,0,0
BRDA:36,5,1,0
BRDA:39,6,0,1
BRDA:39,6,1,0
BRF:14
BRH:7
end_of_record
TN:
SF:routes\contacts.js
FN:9,(anonymous_0)
FN:28,(anonymous_1)
FN:42,(anonymous_2)
FN:52,(anonymous_3)
FN:65,(anonymous_4)
FN:83,(anonymous_5)
FNF:6
FNH:5
FNDA:4,(anonymous_0)
FNDA:0,(anonymous_1)
FNDA:2,(anonymous_2)
FNDA:3,(anonymous_3)
FNDA:3,(anonymous_4)
FNDA:3,(anonymous_5)
DA:1,1
DA:2,1
DA:3,1
DA:4,1
DA:5,1
DA:6,1
DA:9,1
DA:10,4
DA:11,4
DA:13,4
DA:21,4
DA:24,3
DA:29,0
DA:33,3
DA:35,3
DA:37,1
DA:42,1
DA:43,2
DA:44,2
DA:45,1
DA:47,1
DA:52,1
DA:53,3
DA:54,3
DA:55,2
DA:56,1
DA:58,1
DA:60,1
DA:65,1
DA:66,3
DA:67,3
DA:68,3
DA:73,2
DA:74,1
DA:76,1
DA:78,1
DA:83,1
DA:84,3
DA:85,3
DA:86,2
DA:87,1
DA:89,1
DA:91,1
DA:95,1
LF:44
LH:43
BRDA:55,0,0,1
BRDA:55,0,1,1
BRDA:73,1,0,1
BRDA:73,1,1,1
BRDA:86,2,0,1
BRDA:86,2,1,1
BRF:6
BRH:6
end_of_record
TN:
SF:routes\estimators.js
FN:11,(anonymous_0)
FN:16,(anonymous_1)
FN:17,(anonymous_2)
FN:20,(anonymous_3)
FN:28,(anonymous_4)
FN:38,(anonymous_5)
FN:49,(anonymous_6)
FN:56,(anonymous_7)
FN:69,(anonymous_8)
FN:78,(anonymous_9)
FN:101,(anonymous_10)
FN:116,(anonymous_11)
FN:125,(anonymous_12)
FN:149,(anonymous_13)
FN:154,(anonymous_14)
FN:173,(anonymous_15)
FN:196,(anonymous_16)
FN:197,(anonymous_17)
FN:200,(anonymous_18)
FN:217,(anonymous_19)
FN:233,(anonymous_20)
FN:257,(anonymous_21)
FN:289,(anonymous_22)
FN:298,(anonymous_23)
FN:313,(anonymous_24)
FN:325,(anonymous_25)
FNF:26
FNH:22
FNDA:15,(anonymous_0)
FNDA:9,(anonymous_1)
FNDA:5,(anonymous_2)
FNDA:5,(anonymous_3)
FNDA:5,(anonymous_4)
FNDA:5,(anonymous_5)
FNDA:9,(anonymous_6)
FNDA:9,(anonymous_7)
FNDA:5,(anonymous_8)
FNDA:5,(anonymous_9)
FNDA:5,(anonymous_10)
FNDA:9,(anonymous_11)
FNDA:3,(anonymous_12)
FNDA:1,(anonymous_13)
FNDA:0,(anonymous_14)
FNDA:2,(anonymous_15)
FNDA:1,(anonymous_16)
FNDA:1,(anonymous_17)
FNDA:0,(anonymous_18)
FNDA:0,(anonymous_19)
FNDA:4,(anonymous_20)
FNDA:2,(anonymous_21)
FNDA:3,(anonymous_22)
FNDA:3,(anonymous_23)
FNDA:3,(anonymous_24)
FNDA:0,(anonymous_25)
DA:1,1
DA:2,1
DA:3,1
DA:4,1
DA:5,1
DA:6,1
DA:7,1
DA:9,1
DA:11,1
DA:12,15
DA:13,15
DA:16,1
DA:17,9
DA:18,5
DA:20,5
DA:28,1
DA:29,5
DA:38,1
DA:40,5
DA:42,5
DA:49,1
DA:50,9
DA:51,9
DA:53,9
DA:54,9
DA:55,9
DA:56,9
DA:58,9
DA:59,4
DA:62,9
DA:64,9
DA:65,4
DA:68,9
DA:69,9
DA:70,5
DA:71,0
DA:76,9
DA:78,9
DA:79,5
DA:81,5
DA:82,5
DA:83,5
DA:85,5
DA:86,5
DA:88,5
DA:96,5
DA:97,1
DA:101,9
DA:105,9
DA:116,1
DA:117,9
DA:122,9
DA:125,1
DA:126,3
DA:127,3
DA:128,3
DA:130,3
DA:131,2
DA:134,1
DA:136,1
DA:146,1
DA:147,1
DA:148,1
DA:149,1
DA:150,1
DA:151,1
DA:152,1
DA:153,1
DA:154,0
DA:155,0
DA:157,1
DA:158,1
DA:161,1
DA:163,1
DA:169,0
DA:173,1
DA:174,2
DA:175,2
DA:176,2
DA:178,2
DA:179,1
DA:182,1
DA:184,1
DA:194,1
DA:195,1
DA:196,1
DA:197,1
DA:198,1
DA:199,0
DA:200,0
DA:201,0
DA:206,1
DA:217,1
DA:218,0
DA:219,0
DA:220,0
DA:221,0
DA:226,0
DA:227,0
DA:228,0
DA:233,1
DA:234,4
DA:235,4
DA:236,4
DA:238,4
DA:239,2
DA:242,2
DA:244,2
DA:254,2
DA:255,2
DA:256,2
DA:257,2
DA:258,2
DA:259,2
DA:263,2
DA:273,1
DA:279,1
DA:285,1
DA:289,1
DA:290,3
DA:291,3
DA:292,1
DA:294,2
DA:298,1
DA:299,3
DA:300,3
DA:302,2
DA:303,1
DA:306,1
DA:308,1
DA:313,1
DA:314,3
DA:315,3
DA:317,2
DA:318,1
DA:322,1
DA:325,1
DA:326,0
DA:327,0
DA:328,0
DA:329,0
DA:334,1
DA:335,1
DA:336,1
DA:338,0
DA:342,1
LF:146
LH:127
BRDA:13,0,0,12
BRDA:13,0,1,3
BRDA:13,1,0,15
BRDA:13,1,1,12
BRDA:17,2,0,9
BRDA:17,2,1,0
BRDA:18,3,0,5
BRDA:18,3,1,0
BRDA:24,4,0,0
BRDA:24,4,1,5
BRDA:28,5,0,0
BRDA:30,6,0,5
BRDA:30,6,1,1
BRDA:30,6,2,1
BRDA:30,6,3,1
BRDA:30,6,4,1
BRDA:40,7,0,2
BRDA:40,7,1,3
BRDA:40,8,0,5
BRDA:40,8,1,2
BRDA:43,9,0,2
BRDA:43,9,1,3
BRDA:44,10,0,2
BRDA:44,10,1,3
BRDA:49,11,0,0
BRDA:49,12,0,0
BRDA:50,13,0,0
BRDA:53,14,0,9
BRDA:53,14,1,4
BRDA:54,15,0,9
BRDA:54,15,1,5
BRDA:55,16,0,9
BRDA:55,16,1,5
BRDA:58,17,0,4
BRDA:58,17,1,5
BRDA:58,18,0,9
BRDA:58,18,1,5
BRDA:58,18,2,5
BRDA:64,19,0,4
BRDA:64,19,1,5
BRDA:68,20,0,9
BRDA:68,20,1,0
BRDA:70,21,0,0
BRDA:70,21,1,5
BRDA:86,22,0,0
BRDA:86,22,1,5
BRDA:89,23,0,5
BRDA:89,23,1,1
BRDA:90,24,0,5
BRDA:90,24,1,1
BRDA:91,25,0,5
BRDA:91,25,1,1
BRDA:96,26,0,1
BRDA:96,26,1,4
BRDA:96,27,0,5
BRDA:96,27,1,3
BRDA:96,27,2,2
BRDA:96,27,3,2
BRDA:101,28,0,4
BRDA:101,28,1,5
BRDA:103,29,0,5
BRDA:103,29,1,4
BRDA:111,30,0,9
BRDA:111,30,1,5
BRDA:112,31,0,0
BRDA:112,31,1,9
BRDA:130,32,0,2
BRDA:130,32,1,1
BRDA:134,33,0,1
BRDA:134,33,1,1
BRDA:150,34,0,1
BRDA:150,34,1,0
BRDA:152,35,0,1
BRDA:152,35,1,1
BRDA:153,36,0,0
BRDA:153,36,1,1
BRDA:154,37,0,0
BRDA:154,37,1,0
BRDA:178,38,0,1
BRDA:178,38,1,1
BRDA:182,39,0,1
BRDA:182,39,1,1
BRDA:198,40,0,0
BRDA:198,40,1,1
BRDA:198,41,0,1
BRDA:198,41,1,1
BRDA:201,42,0,0
BRDA:201,42,1,0
BRDA:207,43,0,1
BRDA:207,43,1,1
BRDA:214,44,0,1
BRDA:214,44,1,1
BRDA:218,45,0,0
BRDA:218,45,1,0
BRDA:220,46,0,0
BRDA:220,46,1,0
BRDA:227,47,0,0
BRDA:227,47,1,0
BRDA:238,48,0,2
BRDA:238,48,1,2
BRDA:242,49,0,2
BRDA:242,49,1,2
BRDA:258,50,0,2
BRDA:258,50,1,0
BRDA:259,51,0,2
BRDA:259,51,1,2
BRDA:275,52,0,1
BRDA:275,52,1,0
BRDA:302,53,0,1
BRDA:302,53,1,1
BRDA:317,54,0,1
BRDA:317,54,1,1
BRDA:322,55,0,0
BRDA:322,55,1,1
BRDA:326,56,0,0
BRDA:326,56,1,0
BRDA:328,57,0,0
BRDA:328,57,1,0
BRDA:335,58,0,1
BRDA:335,58,1,0
BRF:120
BRH:88
end_of_record
TN:
SF:routes\projects.js
FNF:0
FNH:0
DA:1,1
DA:2,1
DA:3,1
DA:5,1
DA:8,1
DA:11,1
DA:12,1
DA:13,1
DA:15,1
LF:9
LH:9
BRF:0
BRH:0
end_of_record
TN:
SF:utils\calculateEstimate.js
FN:1,(anonymous_0)
FN:3,(anonymous_1)
FN:6,(anonymous_2)
FN:7,(anonymous_3)
FN:9,(anonymous_4)
FN:12,(anonymous_5)
FN:16,(anonymous_6)
FN:19,(anonymous_7)
FN:20,(anonymous_8)
FN:25,(anonymous_9)
FN:31,(anonymous_10)
FN:44,(anonymous_11)
FN:51,(anonymous_12)
FN:77,(anonymous_13)
FN:78,(anonymous_14)
FN:87,(anonymous_15)
FN:89,(anonymous_16)
FN:102,(anonymous_17)
FN:114,(anonymous_18)
FN:172,(anonymous_19)
FN:196,(anonymous_20)
FNF:21
FNH:18
FNDA:83,(anonymous_0)
FNDA:9,(anonymous_1)
FNDA:8,(anonymous_2)
FNDA:9,(anonymous_3)
FNDA:8,(anonymous_4)
FNDA:1,(anonymous_5)
FNDA:8,(anonymous_6)
FNDA:1,(anonymous_7)
FNDA:1,(anonymous_8)
FNDA:8,(anonymous_9)
FNDA:0,(anonymous_10)
FNDA:8,(anonymous_11)
FNDA:0,(anonymous_12)
FNDA:8,(anonymous_13)
FNDA:0,(anonymous_14)
FNDA:2,(anonymous_15)
FNDA:3,(anonymous_16)
FNDA:8,(anonymous_17)
FNDA:8,(anonymous_18)
FNDA:2,(anonymous_19)
FNDA:2,(anonymous_20)
DA:1,83
DA:3,2
DA:4,9
DA:6,2
DA:7,9
DA:9,2
DA:10,8
DA:12,1
DA:13,1
DA:16,2
DA:17,8
DA:19,4
DA:20,1
DA:21,1
DA:25,2
DA:26,8
DA:31,0
DA:32,0
DA:33,0
DA:34,0
DA:37,0
DA:38,0
DA:40,0
DA:44,2
DA:45,8
DA:46,8
DA:47,8
DA:51,0
DA:52,0
DA:53,0
DA:54,0
DA:55,0
DA:58,0
DA:63,0
DA:66,0
DA:67,0
DA:68,0
DA:71,0
DA:72,0
DA:74,0
DA:77,2
DA:78,8
DA:87,2
DA:88,2
DA:90,3
DA:102,2
DA:110,8
DA:111,8
DA:112,8
DA:114,8
DA:115,8
DA:116,8
DA:117,8
DA:118,8
DA:119,8
DA:121,8
DA:123,8
DA:124,8
DA:125,8
DA:126,8
DA:127,8
DA:128,8
DA:129,8
DA:132,8
DA:133,8
DA:134,8
DA:137,8
DA:138,8
DA:139,8
DA:140,8
DA:143,8
DA:145,8
DA:146,8
DA:148,8
DA:168,8
DA:169,8
DA:171,8
DA:172,1
DA:173,2
DA:174,2
DA:175,2
DA:176,2
DA:177,2
DA:186,8
DA:187,1
DA:196,2
DA:204,8
DA:205,8
DA:206,8
DA:208,8
DA:221,2
LF:91
LH:71
BRDA:1,0,0,83
BRDA:1,0,1,22
BRDA:4,1,0,9
BRDA:4,1,1,0
BRDA:4,2,0,9
BRDA:4,2,1,0
BRDA:6,3,0,0
BRDA:6,4,0,0
BRDA:7,5,0,8
BRDA:7,5,1,0
BRDA:9,6,0,2
BRDA:10,7,0,7
BRDA:10,7,1,1
BRDA:10,8,0,8
BRDA:10,8,1,3
BRDA:13,9,0,1
BRDA:13,9,1,0
BRDA:13,10,0,1
BRDA:13,10,1,0
BRDA:16,11,0,2
BRDA:17,12,0,4
BRDA:17,12,1,4
BRDA:17,13,0,8
BRDA:17,13,1,8
BRDA:21,14,0,1
BRDA:21,14,1,0
BRDA:21,15,0,1
BRDA:21,15,1,0
BRDA:25,16,0,0
BRDA:25,17,0,0
BRDA:26,18,0,8
BRDA:26,18,1,0
BRDA:26,19,0,8
BRDA:26,19,1,8
BRDA:32,20,0,0
BRDA:32,20,1,0
BRDA:32,20,2,0
BRDA:37,21,0,0
BRDA:37,21,1,0
BRDA:37,22,0,0
BRDA:37,22,1,0
BRDA:38,23,0,0
BRDA:38,23,1,0
BRDA:44,24,0,0
BRDA:45,25,0,8
BRDA:45,25,1,0
BRDA:45,26,0,8
BRDA:45,26,1,0
BRDA:58,27,0,0
BRDA:58,27,1,0
BRDA:58,27,2,0
BRDA:58,27,3,0
BRDA:66,28,0,0
BRDA:66,28,1,0
BRDA:71,29,0,0
BRDA:71,29,1,0
BRDA:77,30,0,0
BRDA:79,31,0,0
BRDA:79,31,1,0
BRDA:79,31,2,0
BRDA:80,32,0,0
BRDA:80,32,1,0
BRDA:81,33,0,0
BRDA:81,33,1,0
BRDA:82,34,0,0
BRDA:82,34,1,0
BRDA:87,35,0,0
BRDA:90,36,0,3
BRDA:90,36,1,1
BRDA:103,37,0,0
BRDA:104,38,0,0
BRDA:105,39,0,0
BRDA:106,40,0,0
BRDA:107,41,0,0
BRDA:108,42,0,4
BRDA:115,43,0,8
BRDA:115,43,1,0
BRDA:116,44,0,8
BRDA:116,44,1,0
BRDA:117,45,0,8
BRDA:117,45,1,0
BRDA:118,46,0,8
BRDA:118,46,1,1
BRDA:121,47,0,0
BRDA:121,47,1,8
BRDA:123,48,0,8
BRDA:123,48,1,0
BRDA:124,49,0,8
BRDA:124,49,1,8
BRDA:126,50,0,8
BRDA:126,50,1,0
BRDA:133,51,0,8
BRDA:133,51,1,8
BRDA:158,52,0,8
BRDA:158,52,1,5
BRDA:160,53,0,8
BRDA:160,53,1,2
BRDA:171,54,0,1
BRDA:171,54,1,7
BRDA:171,55,0,8
BRDA:171,55,1,8
BRDA:174,56,0,2
BRDA:174,56,1,0
BRDA:174,57,0,2
BRDA:174,57,1,2
BRDA:175,58,0,2
BRDA:175,58,1,0
BRDA:178,59,0,2
BRDA:178,59,1,0
BRDA:186,60,0,1
BRDA:186,60,1,7
BRF:111
BRH:54
end_of_record
TN:
SF:utils\emailTemplates.js
FN:3,(anonymous_0)
FN:219,(anonymous_1)
FN:447,(anonymous_2)
FN:529,(anonymous_3)
FN:611,(anonymous_4)
FN:677,(anonymous_5)
FNF:6
FNH:6
FNDA:8,(anonymous_0)
FNDA:1,(anonymous_1)
FNDA:3,(anonymous_2)
FNDA:4,(anonymous_3)
FNDA:3,(anonymous_4)
FNDA:3,(anonymous_5)
DA:3,4
DA:4,8
DA:5,8
DA:13,8
DA:219,4
DA:220,1
DA:221,1
DA:228,1
DA:230,1
DA:447,4
DA:448,3
DA:449,3
DA:457,3
DA:529,4
DA:530,4
DA:531,4
DA:539,4
DA:611,4
DA:612,3
DA:614,3
DA:677,4
DA:678,3
DA:680,3
DA:743,4
LF:24
LH:24
BRDA:184,0,0,8
BRDA:184,0,1,0
BRDA:401,1,0,0
BRDA:401,1,1,1
BRDA:407,2,0,1
BRDA:407,2,1,0
BRDA:429,3,0,1
BRDA:429,3,1,1
BRF:8
BRH:5
end_of_record
TN:
SF:utils\mail.js
FN:6,(anonymous_0)
FN:41,(anonymous_1)
FNF:2
FNH:2
FNDA:9,(anonymous_0)
FNDA:8,(anonymous_1)
DA:1,1
DA:3,1
DA:6,1
DA:12,9
DA:13,2
DA:14,2
DA:18,7
DA:19,7
DA:21,7
DA:29,7
DA:30,7
DA:31,7
DA:32,5
DA:33,5
DA:35,2
DA:36,2
DA:41,1
DA:42,8
DA:44,5
DA:51,5
DA:52,5
DA:53,5
DA:54,3
DA:55,3
DA:57,2
DA:58,2
DA:62,1
DA:63,1
DA:64,1
LF:29
LH:29
BRDA:7,0,0,1
BRDA:8,1,0,0
BRDA:12,2,0,2
BRDA:12,2,1,7
BRDA:18,3,0,7
BRDA:18,3,1,5
BRDA:19,4,0,7
BRDA:19,4,1,1
BRDA:35,5,0,2
BRDA:35,5,1,1
BRDA:42,6,0,3
BRDA:42,6,1,5
BRDA:48,7,0,5
BRDA:48,7,1,1
BRDA:57,8,0,2
BRDA:57,8,1,1
BRF:16
BRH:15
end_of_record
TN:
SF:utils\passwordValidation.js
FN:2,(anonymous_0)
FN:17,(anonymous_1)
FNF:2
FNH:2
FNDA:3,(anonymous_0)
FNDA:1,(anonymous_1)
DA:2,1
DA:3,3
DA:4,3
DA:5,3
DA:7,3
DA:17,1
DA:18,1
LF:7
LH:7
BRDA:8,0,0,3
BRDA:8,0,1,2
BRDA:8,0,2,1
BRDA:10,1,0,1
BRDA:10,1,1,2
BRDA:11,2,0,1
BRDA:11,2,1,2
BRDA:12,3,0,1
BRDA:12,3,1,2
BRF:9
BRH:9
end_of_record
