{"numFailedTestSuites":0,"numFailedTests":0,"numPassedTestSuites":38,"numPassedTests":74,"numPendingTestSuites":0,"numPendingTests":0,"numRuntimeErrorTestSuites":0,"numTodoTests":0,"numTotalTestSuites":38,"numTotalTests":74,"openHandles":[],"snapshot":{"added":0,"didUpdate":false,"failure":false,"filesAdded":0,"filesRemoved":0,"filesRemovedList":[],"filesUnmatched":0,"filesUpdated":0,"matched":0,"total":0,"unchecked":0,"uncheckedKeysByFile":[],"unmatched":0,"updated":0},"startTime":1780511332942,"success":true,"testResults":[{"assertionResults":[{"ancestorTitles":["client/components/estimator/RoomSelection"],"failureMessages":[],"fullName":"client/components/estimator/RoomSelection disables next when no rooms selected","location":null,"status":"passed","title":"disables next when no rooms selected"},{"ancestorTitles":["client/components/estimator/RoomSelection"],"failureMessages":[],"fullName":"client/components/estimator/RoomSelection calls onUpdateRoomCount when plus button clicked","location":null,"status":"passed","title":"calls onUpdateRoomCount when plus button clicked"},{"ancestorTitles":["client/components/estimator/RoomSelection"],"failureMessages":[],"fullName":"client/components/estimator/RoomSelection shows selected summary when rooms exist","location":null,"status":"passed","title":"shows selected summary when rooms exist"}],"endTime":1780511338472,"message":"","name":"C:\\teckriq.intern\\Trendy_Interiors\\trendyinteriors\\client\\src\\test\\components\\estimator\\RoomSelection.test.jsx","startTime":1780511335622,"status":"passed","summary":""},{"assertionResults":[{"ancestorTitles":["client/components/estimator/BudgetSelection"],"failureMessages":[],"fullName":"client/components/estimator/BudgetSelection disables continue when no plan selected","location":null,"status":"passed","title":"disables continue when no plan selected"},{"ancestorTitles":["client/components/estimator/BudgetSelection"],"failureMessages":[],"fullName":"client/components/estimator/BudgetSelection calls onSelectBudget when plan card clicked","location":null,"status":"passed","title":"calls onSelectBudget when plan card clicked"},{"ancestorTitles":["client/components/estimator/BudgetSelection"],"failureMessages":[],"fullName":"client/components/estimator/BudgetSelection renders selected plan title in summary","location":null,"status":"passed","title":"renders selected plan title in summary"}],"endTime":1780511338615,"message":"","name":"C:\\teckriq.intern\\Trendy_Interiors\\trendyinteriors\\client\\src\\test\\components\\estimator\\BudgetSelection.test.jsx","startTime":1780511335628,"status":"passed","summary":""},{"assertionResults":[{"ancestorTitles":["client/pages/Estimator"],"failureMessages":[],"fullName":"client/pages/Estimator renders estimator shell and first step","location":null,"status":"passed","title":"renders estimator shell and first step"},{"ancestorTitles":["client/pages/Estimator"],"failureMessages":[],"fullName":"client/pages/Estimator moves from room selection to budget selection","location":null,"status":"passed","title":"moves from room selection to budget selection"}],"endTime":1780511339888,"message":"","name":"C:\\teckriq.intern\\Trendy_Interiors\\trendyinteriors\\client\\src\\test\\pages\\Estimator.test.jsx","startTime":1780511335628,"status":"passed","summary":""},{"assertionResults":[{"ancestorTitles":["client/components/ChangePasswordModal"],"failureMessages":[],"fullName":"client/components/ChangePasswordModal does not render when closed","location":null,"status":"passed","title":"does not render when closed"},{"ancestorTitles":["client/components/ChangePasswordModal"],"failureMessages":[],"fullName":"client/components/ChangePasswordModal requests OTP and moves to verify step on success","location":null,"status":"passed","title":"requests OTP and moves to verify step on success"},{"ancestorTitles":["client/components/ChangePasswordModal"],"failureMessages":[],"fullName":"client/components/ChangePasswordModal shows validation when OTP is incomplete","location":null,"status":"passed","title":"shows validation when OTP is incomplete"},{"ancestorTitles":["client/components/ChangePasswordModal"],"failureMessages":[],"fullName":"client/components/ChangePasswordModal changes password successfully and calls success handlers","location":null,"status":"passed","title":"changes password successfully and calls success handlers"}],"endTime":1780511340382,"message":"","name":"C:\\teckriq.intern\\Trendy_Interiors\\trendyinteriors\\client\\src\\test\\components\\ChangePasswordModal.test.jsx","startTime":1780511338752,"status":"passed","summary":""},{"assertionResults":[{"ancestorTitles":["client/pages/BuyOnline"],"failureMessages":[],"fullName":"client/pages/BuyOnline shows kitchen products and switches category","location":null,"status":"passed","title":"shows kitchen products and switches category"}],"endTime":1780511340640,"message":"","name":"C:\\teckriq.intern\\Trendy_Interiors\\trendyinteriors\\client\\src\\test\\pages\\BuyOnline.test.jsx","startTime":1780511338558,"status":"passed","summary":""},{"assertionResults":[{"ancestorTitles":["client/pages/admin/components/MultiImageUpload"],"failureMessages":[],"fullName":"client/pages/admin/components/MultiImageUpload renders initial info message when no images","location":null,"status":"passed","title":"renders initial info message when no images"},{"ancestorTitles":["client/pages/admin/components/MultiImageUpload"],"failureMessages":[],"fullName":"client/pages/admin/components/MultiImageUpload adds image url from paste url tab","location":null,"status":"passed","title":"adds image url from paste url tab"},{"ancestorTitles":["client/pages/admin/components/MultiImageUpload"],"failureMessages":[],"fullName":"client/pages/admin/components/MultiImageUpload removes an existing image from gallery","location":null,"status":"passed","title":"removes an existing image from gallery"},{"ancestorTitles":["client/pages/admin/components/MultiImageUpload"],"failureMessages":[],"fullName":"client/pages/admin/components/MultiImageUpload reads selected file and forwards generated data url","location":null,"status":"passed","title":"reads selected file and forwards generated data url"}],"endTime":1780511341191,"message":"","name":"C:\\teckriq.intern\\Trendy_Interiors\\trendyinteriors\\client\\src\\test\\pages\\admin\\components\\MultiImageUpload.test.jsx","startTime":1780511339952,"status":"passed","summary":""},{"assertionResults":[{"ancestorTitles":["client/pages/ForgotPassword"],"failureMessages":[],"fullName":"client/pages/ForgotPassword sends otp and moves to reset step","location":null,"status":"passed","title":"sends otp and moves to reset step"}],"endTime":1780511341445,"message":"","name":"C:\\teckriq.intern\\Trendy_Interiors\\trendyinteriors\\client\\src\\test\\pages\\ForgotPassword.test.jsx","startTime":1780511340666,"status":"passed","summary":""},{"assertionResults":[{"ancestorTitles":["client/components/estimator/DimensionsSelection"],"failureMessages":[],"fullName":"client/components/estimator/DimensionsSelection renders computed room area","location":null,"status":"passed","title":"renders computed room area"},{"ancestorTitles":["client/components/estimator/DimensionsSelection"],"failureMessages":[],"fullName":"client/components/estimator/DimensionsSelection calls onUpdateRoomDimensions when length changes","location":null,"status":"passed","title":"calls onUpdateRoomDimensions when length changes"},{"ancestorTitles":["client/components/estimator/DimensionsSelection"],"failureMessages":[],"fullName":"client/components/estimator/DimensionsSelection calls onPrev and onNext from footer actions","location":null,"status":"passed","title":"calls onPrev and onNext from footer actions"}],"endTime":1780511341644,"message":"","name":"C:\\teckriq.intern\\Trendy_Interiors\\trendyinteriors\\client\\src\\test\\components\\estimator\\DimensionsSelection.test.jsx","startTime":1780511340426,"status":"passed","summary":""},{"assertionResults":[{"ancestorTitles":["client/pages/admin/components/DragDropUpload"],"failureMessages":[],"fullName":"client/pages/admin/components/DragDropUpload renders preview and clears image","location":null,"status":"passed","title":"renders preview and clears image"},{"ancestorTitles":["client/pages/admin/components/DragDropUpload"],"failureMessages":[],"fullName":"client/pages/admin/components/DragDropUpload updates image url from url input","location":null,"status":"passed","title":"updates image url from url input"},{"ancestorTitles":["client/pages/admin/components/DragDropUpload"],"failureMessages":[],"fullName":"client/pages/admin/components/DragDropUpload reads selected file and passes data url","location":null,"status":"passed","title":"reads selected file and passes data url"}],"endTime":1780511342144,"message":"","name":"C:\\teckriq.intern\\Trendy_Interiors\\trendyinteriors\\client\\src\\test\\pages\\admin\\components\\DragDropUpload.test.jsx","startTime":1780511341469,"status":"passed","summary":""},{"assertionResults":[{"ancestorTitles":["client/pages/ResetPassword"],"failureMessages":[],"fullName":"client/pages/ResetPassword shows invalid link when token missing","location":null,"status":"passed","title":"shows invalid link when token missing"},{"ancestorTitles":["client/pages/ResetPassword"],"failureMessages":[],"fullName":"client/pages/ResetPassword resets password with token","location":null,"status":"passed","title":"resets password with token"}],"endTime":1780511342300,"message":"","name":"C:\\teckriq.intern\\Trendy_Interiors\\trendyinteriors\\client\\src\\test\\pages\\ResetPassword.test.jsx","startTime":1780511341219,"status":"passed","summary":""},{"assertionResults":[{"ancestorTitles":["client/pages/admin/AdminDashboard"],"failureMessages":[],"fullName":"client/pages/admin/AdminDashboard loads dashboard and shows projects form","location":null,"status":"passed","title":"loads dashboard and shows projects form"}],"endTime":1780511342673,"message":"","name":"C:\\teckriq.intern\\Trendy_Interiors\\trendyinteriors\\client\\src\\test\\pages\\admin\\AdminDashboard.test.jsx","startTime":1780511341674,"status":"passed","summary":""},{"assertionResults":[{"ancestorTitles":["client/pages/Login"],"failureMessages":[],"fullName":"client/pages/Login rejects non-admin users","location":null,"status":"passed","title":"rejects non-admin users"}],"endTime":1780511343029,"message":"","name":"C:\\teckriq.intern\\Trendy_Interiors\\trendyinteriors\\client\\src\\test\\pages\\Login.test.jsx","startTime":1780511342173,"status":"passed","summary":""},{"assertionResults":[{"ancestorTitles":["client/pages/admin/components/AdminNavigation"],"failureMessages":[],"fullName":"client/pages/admin/components/AdminNavigation renders tabs and switches active tab","location":null,"status":"passed","title":"renders tabs and switches active tab"}],"endTime":1780511343420,"message":"","name":"C:\\teckriq.intern\\Trendy_Interiors\\trendyinteriors\\client\\src\\test\\pages\\admin\\components\\AdminNavigation.test.jsx","startTime":1780511342329,"status":"passed","summary":""},{"assertionResults":[{"ancestorTitles":["client/components/Footer"],"failureMessages":[],"fullName":"client/components/Footer renders contact details and chatbot","location":null,"status":"passed","title":"renders contact details and chatbot"}],"endTime":1780511343852,"message":"","name":"C:\\teckriq.intern\\Trendy_Interiors\\trendyinteriors\\client\\src\\test\\components\\Footer.test.jsx","startTime":1780511343072,"status":"passed","summary":""},{"assertionResults":[{"ancestorTitles":["client/components/ContactForm"],"failureMessages":[],"fullName":"client/components/ContactForm renders contact form with user defaults","location":null,"status":"passed","title":"renders contact form with user defaults"},{"ancestorTitles":["client/components/ContactForm"],"failureMessages":[],"fullName":"client/components/ContactForm validates short contact message before submit","location":null,"status":"passed","title":"validates short contact message before submit"},{"ancestorTitles":["client/components/ContactForm"],"failureMessages":[],"fullName":"client/components/ContactForm submits testimonial successfully","location":null,"status":"passed","title":"submits testimonial successfully"}],"endTime":1780511343854,"message":"","name":"C:\\teckriq.intern\\Trendy_Interiors\\trendyinteriors\\client\\src\\test\\components\\ContactForm.test.jsx","startTime":1780511342734,"status":"passed","summary":""},{"assertionResults":[{"ancestorTitles":["client/pages/admin/components/CategoryManager"],"failureMessages":[],"fullName":"client/pages/admin/components/CategoryManager renders empty state when there are no categories","location":null,"status":"passed","title":"renders empty state when there are no categories"},{"ancestorTitles":["client/pages/admin/components/CategoryManager"],"failureMessages":[],"fullName":"client/pages/admin/components/CategoryManager selects category and removes category with separate actions","location":null,"status":"passed","title":"selects category and removes category with separate actions"},{"ancestorTitles":["client/pages/admin/components/CategoryManager"],"failureMessages":[],"fullName":"client/pages/admin/components/CategoryManager adds a new category in normalized lowercase form","location":null,"status":"passed","title":"adds a new category in normalized lowercase form"}],"endTime":1780511344160,"message":"","name":"C:\\teckriq.intern\\Trendy_Interiors\\trendyinteriors\\client\\src\\test\\pages\\admin\\components\\CategoryManager.test.jsx","startTime":1780511343444,"status":"passed","summary":""},{"assertionResults":[{"ancestorTitles":["client/pages/Home"],"failureMessages":[],"fullName":"client/pages/Home renders hero and key sections","location":null,"status":"passed","title":"renders hero and key sections"}],"endTime":1780511344581,"message":"","name":"C:\\teckriq.intern\\Trendy_Interiors\\trendyinteriors\\client\\src\\test\\pages\\Home.test.jsx","startTime":1780511343883,"status":"passed","summary":""},{"assertionResults":[{"ancestorTitles":["client/components/ChatBot"],"failureMessages":[],"fullName":"client/components/ChatBot opens and sends message","location":null,"status":"passed","title":"opens and sends message"}],"endTime":1780511344664,"message":"","name":"C:\\teckriq.intern\\Trendy_Interiors\\trendyinteriors\\client\\src\\test\\components\\ChatBot.test.jsx","startTime":1780511343876,"status":"passed","summary":""},{"assertionResults":[{"ancestorTitles":["client/components/Header"],"failureMessages":[],"fullName":"client/components/Header renders primary navigation links","location":null,"status":"passed","title":"renders primary navigation links"},{"ancestorTitles":["client/components/Header"],"failureMessages":[],"fullName":"client/components/Header shows admin actions for admin user","location":null,"status":"passed","title":"shows admin actions for admin user"}],"endTime":1780511344975,"message":"","name":"C:\\teckriq.intern\\Trendy_Interiors\\trendyinteriors\\client\\src\\test\\components\\Header.test.jsx","startTime":1780511344184,"status":"passed","summary":""},{"assertionResults":[{"ancestorTitles":["client/pages/Projects"],"failureMessages":[],"fullName":"client/pages/Projects renders projects page shell and cta","location":null,"status":"passed","title":"renders projects page shell and cta"}],"endTime":1780511345286,"message":"","name":"C:\\teckriq.intern\\Trendy_Interiors\\trendyinteriors\\client\\src\\test\\pages\\Projects.test.jsx","startTime":1780511344605,"status":"passed","summary":""},{"assertionResults":[{"ancestorTitles":["client/pages/Testimonials"],"failureMessages":[],"fullName":"client/pages/Testimonials renders testimonials heading and fallback content","location":null,"status":"passed","title":"renders testimonials heading and fallback content"}],"endTime":1780511345347,"message":"","name":"C:\\teckriq.intern\\Trendy_Interiors\\trendyinteriors\\client\\src\\test\\pages\\Testimonials.test.jsx","startTime":1780511344690,"status":"passed","summary":""},{"assertionResults":[{"ancestorTitles":["client/components/DesignCarousel"],"failureMessages":[],"fullName":"client/components/DesignCarousel returns null when no designs","location":null,"status":"passed","title":"returns null when no designs"},{"ancestorTitles":["client/components/DesignCarousel"],"failureMessages":[],"fullName":"client/components/DesignCarousel renders design and navigates","location":null,"status":"passed","title":"renders design and navigates"}],"endTime":1780511345608,"message":"","name":"C:\\teckriq.intern\\Trendy_Interiors\\trendyinteriors\\client\\src\\test\\components\\DesignCarousel.test.jsx","startTime":1780511345009,"status":"passed","summary":""},{"assertionResults":[{"ancestorTitles":["client/pages/About"],"failureMessages":[],"fullName":"client/pages/About renders about content","location":null,"status":"passed","title":"renders about content"}],"endTime":1780511345932,"message":"","name":"C:\\teckriq.intern\\Trendy_Interiors\\trendyinteriors\\client\\src\\test\\pages\\About.test.jsx","startTime":1780511345309,"status":"passed","summary":""},{"assertionResults":[{"ancestorTitles":["client/pages/GiveTestimonial"],"failureMessages":[],"fullName":"client/pages/GiveTestimonial renders page and testimonial form","location":null,"status":"passed","title":"renders page and testimonial form"}],"endTime":1780511346030,"message":"","name":"C:\\teckriq.intern\\Trendy_Interiors\\trendyinteriors\\client\\src\\test\\pages\\GiveTestimonial.test.jsx","startTime":1780511345407,"status":"passed","summary":""},{"assertionResults":[{"ancestorTitles":["client/context/AuthContext"],"failureMessages":[],"fullName":"client/context/AuthContext hydrates user from localStorage","location":null,"status":"passed","title":"hydrates user from localStorage"},{"ancestorTitles":["client/context/AuthContext"],"failureMessages":[],"fullName":"client/context/AuthContext login and logout update localStorage","location":null,"status":"passed","title":"login and logout update localStorage"},{"ancestorTitles":["client/context/AuthContext"],"failureMessages":[],"fullName":"client/context/AuthContext register stores user and token","location":null,"status":"passed","title":"register stores user and token"}],"endTime":1780511346217,"message":"","name":"C:\\teckriq.intern\\Trendy_Interiors\\trendyinteriors\\client\\src\\test\\context\\AuthContext.test.jsx","startTime":1780511345631,"status":"passed","summary":""},{"assertionResults":[{"ancestorTitles":["client/pages/admin/components/FormCard"],"failureMessages":[],"fullName":"client/pages/admin/components/FormCard renders title, icon and children content","location":null,"status":"passed","title":"renders title, icon and children content"},{"ancestorTitles":["client/pages/admin/components/FormCard"],"failureMessages":[],"fullName":"client/pages/admin/components/FormCard applies custom className to root element","location":null,"status":"passed","title":"applies custom className to root element"}],"endTime":1780511346444,"message":"","name":"C:\\teckriq.intern\\Trendy_Interiors\\trendyinteriors\\client\\src\\test\\pages\\admin\\components\\FormCard.test.jsx","startTime":1780511345969,"status":"passed","summary":""},{"assertionResults":[{"ancestorTitles":["client/pages/ReachUs"],"failureMessages":[],"fullName":"client/pages/ReachUs renders page and contact form","location":null,"status":"passed","title":"renders page and contact form"}],"endTime":1780511346669,"message":"","name":"C:\\teckriq.intern\\Trendy_Interiors\\trendyinteriors\\client\\src\\test\\pages\\ReachUs.test.jsx","startTime":1780511346059,"status":"passed","summary":""},{"assertionResults":[{"ancestorTitles":["client/pages/admin/components/AdminHeader"],"failureMessages":[],"fullName":"client/pages/admin/components/AdminHeader renders admin welcome message","location":null,"status":"passed","title":"renders admin welcome message"}],"endTime":1780511346800,"message":"","name":"C:\\teckriq.intern\\Trendy_Interiors\\trendyinteriors\\client\\src\\test\\pages\\admin\\components\\AdminHeader.test.jsx","startTime":1780511346255,"status":"passed","summary":""},{"assertionResults":[{"ancestorTitles":["client/App"],"failureMessages":[],"fullName":"client/App renders app shell","location":null,"status":"passed","title":"renders app shell"}],"endTime":1780511347053,"message":"","name":"C:\\teckriq.intern\\Trendy_Interiors\\trendyinteriors\\client\\src\\test\\App.test.jsx","startTime":1780511346480,"status":"passed","summary":""},{"assertionResults":[{"ancestorTitles":["client/pages/admin/components/Toast (sibling)"],"failureMessages":[],"fullName":"client/pages/admin/components/Toast (sibling) renders message, subtitle and close button","location":null,"status":"passed","title":"renders message, subtitle and close button"},{"ancestorTitles":["client/pages/admin/components/Toast (sibling)"],"failureMessages":[],"fullName":"client/pages/admin/components/Toast (sibling) calls onClose on close button click","location":null,"status":"passed","title":"calls onClose on close button click"},{"ancestorTitles":["client/pages/admin/components/Toast (sibling)"],"failureMessages":[],"fullName":"client/pages/admin/components/Toast (sibling) auto closes after duration","location":null,"status":"passed","title":"auto closes after duration"}],"endTime":1780511347192,"message":"","name":"C:\\teckriq.intern\\Trendy_Interiors\\trendyinteriors\\client\\src\\test\\pages\\admin\\components\\Toast.test.jsx","startTime":1780511346690,"status":"passed","summary":""},{"assertionResults":[{"ancestorTitles":["client/components/AdminRoute"],"failureMessages":[],"fullName":"client/components/AdminRoute shows loading while auth context is loading","location":null,"status":"passed","title":"shows loading while auth context is loading"},{"ancestorTitles":["client/components/AdminRoute"],"failureMessages":[],"fullName":"client/components/AdminRoute redirects non-admin user to login","location":null,"status":"passed","title":"redirects non-admin user to login"},{"ancestorTitles":["client/components/AdminRoute"],"failureMessages":[],"fullName":"client/components/AdminRoute renders outlet for admin user","location":null,"status":"passed","title":"renders outlet for admin user"}],"endTime":1780511347355,"message":"","name":"C:\\teckriq.intern\\Trendy_Interiors\\trendyinteriors\\client\\src\\test\\components\\AdminRoute.test.jsx","startTime":1780511346840,"status":"passed","summary":""},{"assertionResults":[{"ancestorTitles":["client/components/ProjectSlideshow"],"failureMessages":[],"fullName":"client/components/ProjectSlideshow returns null when closed","location":null,"status":"passed","title":"returns null when closed"},{"ancestorTitles":["client/components/ProjectSlideshow"],"failureMessages":[],"fullName":"client/components/ProjectSlideshow renders project and image navigation","location":null,"status":"passed","title":"renders project and image navigation"}],"endTime":1780511347639,"message":"","name":"C:\\teckriq.intern\\Trendy_Interiors\\trendyinteriors\\client\\src\\test\\components\\ProjectSlideshow.test.jsx","startTime":1780511347076,"status":"passed","summary":""},{"assertionResults":[{"ancestorTitles":["client/pages/admin/components/DeleteConfirmationModal (sibling)"],"failureMessages":[],"fullName":"client/pages/admin/components/DeleteConfirmationModal (sibling) does not render when closed","location":null,"status":"passed","title":"does not render when closed"},{"ancestorTitles":["client/pages/admin/components/DeleteConfirmationModal (sibling)"],"failureMessages":[],"fullName":"client/pages/admin/components/DeleteConfirmationModal (sibling) handles confirm and overlay cancel actions","location":null,"status":"passed","title":"handles confirm and overlay cancel actions"},{"ancestorTitles":["client/pages/admin/components/DeleteConfirmationModal (sibling)"],"failureMessages":[],"fullName":"client/pages/admin/components/DeleteConfirmationModal (sibling) calls onCancel when escape key is pressed","location":null,"status":"passed","title":"calls onCancel when escape key is pressed"}],"endTime":1780511347838,"message":"","name":"C:\\teckriq.intern\\Trendy_Interiors\\trendyinteriors\\client\\src\\test\\pages\\admin\\components\\DeleteConfirmationModal.test.jsx","startTime":1780511347214,"status":"passed","summary":""},{"assertionResults":[{"ancestorTitles":["client/components/PremiumSectionHeader"],"failureMessages":[],"fullName":"client/components/PremiumSectionHeader renders title and subtitle","location":null,"status":"passed","title":"renders title and subtitle"},{"ancestorTitles":["client/components/PremiumSectionHeader"],"failureMessages":[],"fullName":"client/components/PremiumSectionHeader supports left alignment without decorative line","location":null,"status":"passed","title":"supports left alignment without decorative line"}],"endTime":1780511347917,"message":"","name":"C:\\teckriq.intern\\Trendy_Interiors\\trendyinteriors\\client\\src\\test\\components\\PremiumSectionHeader.test.jsx","startTime":1780511347394,"status":"passed","summary":""},{"assertionResults":[{"ancestorTitles":["client/index bootstrap"],"failureMessages":[],"fullName":"client/index bootstrap imports without crashing","location":null,"status":"passed","title":"imports without crashing"}],"endTime":1780511348134,"message":"","name":"C:\\teckriq.intern\\Trendy_Interiors\\trendyinteriors\\client\\src\\test\\index.test.js","startTime":1780511347865,"status":"passed","summary":""},{"assertionResults":[{"ancestorTitles":["client/components/Carousel"],"failureMessages":[],"fullName":"client/components/Carousel shows no slides state when empty","location":null,"status":"passed","title":"shows no slides state when empty"},{"ancestorTitles":["client/components/Carousel"],"failureMessages":[],"fullName":"client/components/Carousel renders current slide and navigates","location":null,"status":"passed","title":"renders current slide and navigates"}],"endTime":1780511348152,"message":"","name":"C:\\teckriq.intern\\Trendy_Interiors\\trendyinteriors\\client\\src\\test\\components\\Carousel.test.jsx","startTime":1780511347671,"status":"passed","summary":""},{"assertionResults":[{"ancestorTitles":["client/utils/passwordValidation"],"failureMessages":[],"fullName":"client/utils/passwordValidation valid password passes validation","location":null,"status":"passed","title":"valid password passes validation"},{"ancestorTitles":["client/utils/passwordValidation"],"failureMessages":[],"fullName":"client/utils/passwordValidation invalid password returns detailed errors","location":null,"status":"passed","title":"invalid password returns detailed errors"},{"ancestorTitles":["client/utils/passwordValidation"],"failureMessages":[],"fullName":"client/utils/passwordValidation returns guidance message","location":null,"status":"passed","title":"returns guidance message"}],"endTime":1780511348188,"message":"","name":"C:\\teckriq.intern\\Trendy_Interiors\\trendyinteriors\\client\\src\\test\\utils\\passwordValidation.test.js","startTime":1780511347947,"status":"passed","summary":""},{"assertionResults":[{"ancestorTitles":["client/socketClient"],"failureMessages":[],"fullName":"client/socketClient initializes socket connection","location":null,"status":"passed","title":"initializes socket connection"}],"endTime":1780511348360,"message":"","name":"C:\\teckriq.intern\\Trendy_Interiors\\trendyinteriors\\client\\src\\test\\socketClient.test.js","startTime":1780511348153,"status":"passed","summary":""}],"wasInterrupted":false}